<?xml version="1.0" encoding="UTF-8"?>
<testsuite name="RamseyGraphTest" tests="8" skipped="0" failures="0" errors="0" timestamp="2025-05-10T22:11:54.925Z" hostname="DESKTOP-L67HOPI" time="0.222">
  <properties/>
  <testcase name="GraphTest1()" classname="RamseyGraphTest" time="0.202"/>
  <testcase name="GraphTest2()" classname="RamseyGraphTest" time="0.002"/>
  <testcase name="GraphTest3()" classname="RamseyGraphTest" time="0.003"/>
  <testcase name="GraphTest4()" classname="RamseyGraphTest" time="0.002"/>
  <testcase name="GraphTest5()" classname="RamseyGraphTest" time="0.001"/>
  <testcase name="GraphTest6()" classname="RamseyGraphTest" time="0.002"/>
  <testcase name="GraphTest7()" classname="RamseyGraphTest" time="0.001"/>
  <testcase name="GraphTest8()" classname="RamseyGraphTest" time="0.002"/>
  <system-out><![CDATA[]]></system-out>
  <system-err><![CDATA[]]></system-err>
</testsuite>
